Program Version,EnergyPlus, Version 24.1.0-9d7789a3ac, YMD=2024.12.09 14:18,
   ************* Beginning Zone Sizing Calculations
   ** Warning ** ProcessScheduleInput: Schedule:Constant="ALWAYS OFF DISCRETE", Blank Schedule Type Limits Name input -- will not be validated.
   ** Warning ** ProcessScheduleInput: Schedule:Constant="ALWAYS ON CONTINUOUS", Blank Schedule Type Limits Name input -- will not be validated.
   ** Warning ** GetHTSurfaceData: Surfaces with interface to Ground found but no "Ground Temperatures" were input.
   **   ~~~   ** Found first in surface=SURFACE 38
   **   ~~~   ** Defaults, constant throughout the year of (18.0) will be used.
   ** Warning ** BuildingSurface:Detailed="SURFACE 2", Sun Exposure="SUNEXPOSED".
   **   ~~~   ** ..This surface is not exposed to External Environment.  Sun exposure has no effect.
   ** Warning ** BuildingSurface:Detailed="SURFACE 8", Sun Exposure="SUNEXPOSED".
   **   ~~~   ** ..This surface is not exposed to External Environment.  Sun exposure has no effect.
   ** Warning ** CheckUsedConstructions: There are 14 nominally unused constructions in input.
   **   ~~~   ** For explicit details on each unused construction, use Output:Diagnostics,DisplayExtraWarnings;
   ** Warning ** DetermineShadowingCombinations: There are 3 surfaces which are receiving surfaces and are non-convex.
   **   ~~~   ** ...Shadowing values may be inaccurate. Check .shd report file for more surface shading details
   **   ~~~   ** ...Add Output:Diagnostics,DisplayExtraWarnings; to see individual warnings for each surface.
   ** Warning ** DeterminePolygonOverlap: Too many figures [>15000]  detected in an overlap calculation. Use Output:Diagnostics,DisplayExtraWarnings; for more details.
   ** Warning ** Calculated design cooling load for zone=THERMAL ZONE: ALPHA_MEETING_ROOM is zero.
   **   ~~~   ** Check Sizing:Zone and ZoneControl:Thermostat inputs.
   ** Warning ** Calculated design cooling load for zone=THERMAL ZONE: BETA_MEETING_ROOM is zero.
   **   ~~~   ** Check Sizing:Zone and ZoneControl:Thermostat inputs.
   ** Warning ** Calculated design cooling load for zone=THERMAL ZONE: CLEANING_ROOM is zero.
   **   ~~~   ** Check Sizing:Zone and ZoneControl:Thermostat inputs.
   ** Warning ** Calculated design cooling load for zone=THERMAL ZONE: CORRIDOR_TOILET is zero.
   **   ~~~   ** Check Sizing:Zone and ZoneControl:Thermostat inputs.
   ** Warning ** Calculated design cooling load for zone=THERMAL ZONE: ENTREANCE_SHOW_ROOM is zero.
   **   ~~~   ** Check Sizing:Zone and ZoneControl:Thermostat inputs.
   ** Warning ** Calculated design cooling load for zone=THERMAL ZONE: ENTREANCE_TOILET is zero.
   **   ~~~   ** Check Sizing:Zone and ZoneControl:Thermostat inputs.
   ** Warning ** Calculated design cooling load for zone=THERMAL ZONE: EXTRA_CLEANING_ROOM is zero.
   **   ~~~   ** Check Sizing:Zone and ZoneControl:Thermostat inputs.
   ** Warning ** Calculated design cooling load for zone=THERMAL ZONE: EXTRA_OFFICE_1 is zero.
   **   ~~~   ** Check Sizing:Zone and ZoneControl:Thermostat inputs.
   ** Warning ** Calculated design cooling load for zone=THERMAL ZONE: EXTRA_OFFICE_2 is zero.
   **   ~~~   ** Check Sizing:Zone and ZoneControl:Thermostat inputs.
   ** Warning ** Calculated design cooling load for zone=THERMAL ZONE: FINANCE_CORRIDOR is zero.
   **   ~~~   ** Check Sizing:Zone and ZoneControl:Thermostat inputs.
   ** Warning ** Calculated design cooling load for zone=THERMAL ZONE: FINANCE_MEETING_ROOM_1 is zero.
   **   ~~~   ** Check Sizing:Zone and ZoneControl:Thermostat inputs.
   ** Warning ** Calculated design cooling load for zone=THERMAL ZONE: FINANCE_MEETING_ROOM_2 is zero.
   **   ~~~   ** Check Sizing:Zone and ZoneControl:Thermostat inputs.
   ** Warning ** Calculated design cooling load for zone=THERMAL ZONE: FINANCE_MEETING_ROOM_3 is zero.
   **   ~~~   ** Check Sizing:Zone and ZoneControl:Thermostat inputs.
   ** Warning ** Calculated design cooling load for zone=THERMAL ZONE: FINANCE_OFFICE_2 is zero.
   **   ~~~   ** Check Sizing:Zone and ZoneControl:Thermostat inputs.
   ** Warning ** Calculated design cooling load for zone=THERMAL ZONE: FINANCE_OFFICE_3 is zero.
   **   ~~~   ** Check Sizing:Zone and ZoneControl:Thermostat inputs.
   ** Warning ** Calculated design cooling load for zone=THERMAL ZONE: FINANCE_OFFICE_4 is zero.
   **   ~~~   ** Check Sizing:Zone and ZoneControl:Thermostat inputs.
   ** Warning ** Calculated design cooling load for zone=THERMAL ZONE: FINANCE_TOILET_1 is zero.
   **   ~~~   ** Check Sizing:Zone and ZoneControl:Thermostat inputs.
   ** Warning ** Calculated design cooling load for zone=THERMAL ZONE: FINANCE_TOILET_2 is zero.
   **   ~~~   ** Check Sizing:Zone and ZoneControl:Thermostat inputs.
   ** Warning ** Calculated design cooling load for zone=THERMAL ZONE: GAMMA_MEETING_ROOM is zero.
   **   ~~~   ** Check Sizing:Zone and ZoneControl:Thermostat inputs.
   ** Warning ** Calculated design cooling load for zone=THERMAL ZONE: HARDWARE_CORRIDOR is zero.
   **   ~~~   ** Check Sizing:Zone and ZoneControl:Thermostat inputs.
   ** Warning ** Calculated design cooling load for zone=THERMAL ZONE: HARDWARE_MEETING_ROOM is zero.
   **   ~~~   ** Check Sizing:Zone and ZoneControl:Thermostat inputs.
   ** Warning ** Calculated design cooling load for zone=THERMAL ZONE: HARDWARE_OFFICE_2 is zero.
   **   ~~~   ** Check Sizing:Zone and ZoneControl:Thermostat inputs.
   ** Warning ** Calculated design cooling load for zone=THERMAL ZONE: HARDWARE_OFFICE_3 is zero.
   **   ~~~   ** Check Sizing:Zone and ZoneControl:Thermostat inputs.
   ** Warning ** Calculated design cooling load for zone=THERMAL ZONE: HARDWARE_TOILET_1 is zero.
   **   ~~~   ** Check Sizing:Zone and ZoneControl:Thermostat inputs.
   ** Warning ** Calculated design cooling load for zone=THERMAL ZONE: HARDWARE_TOILET_2 is zero.
   **   ~~~   ** Check Sizing:Zone and ZoneControl:Thermostat inputs.
   ** Warning ** Calculated design cooling load for zone=THERMAL ZONE: LARGE_STORAGE_ROOM is zero.
   **   ~~~   ** Check Sizing:Zone and ZoneControl:Thermostat inputs.
   ** Warning ** Calculated design cooling load for zone=THERMAL ZONE: SOFTWARE_OFFICE_2 is zero.
   **   ~~~   ** Check Sizing:Zone and ZoneControl:Thermostat inputs.
   ************* Beginning System Sizing Calculations
   ** Warning ** GetAirPathData: AirLoopHVAC="REMONI_VENTILATION" has no Controllers.
   ************* Beginning Plant Sizing Calculations
   ** Warning ** InitOAController: Maximum Outdoor Air Flow Rate for Controller:OutdoorAir=OUTDOOR AIR CONTROLLER is greater than Design Supply Air Flow Rate for AirLoopHVAC=REMONI_VENTILATION.
   **   ~~~   ** ...Maximum Outdoor Air Flow Rate=2.224578 will be reset to loop Design Supply Air Flow Rate=1.122300
   ************* Testing Individual Branch Integrity
   ************* All Branches passed integrity testing
   ************* Testing Individual Supply Air Path Integrity
   ************* All Supply Air Paths passed integrity testing
   ************* Testing Individual Return Air Path Integrity
   ************* All Return Air Paths passed integrity testing
   ************* No node connection errors were found.
   ************* Beginning Simulation
   ** Warning ** The resource referenced by LifeCycleCost:UsePriceEscalation= "U.S. AVG  COMMERCIAL-ELECTRICITY" has no energy cost. 
   **   ~~~   ** ... It is likely that the wrong resource is used. The resource should match the meter used in Utility:Tariff.
   ** Warning ** The resource referenced by LifeCycleCost:UsePriceEscalation= "U.S. AVG  COMMERCIAL-DISTILLATE OIL" has no energy cost. 
   **   ~~~   ** ... It is likely that the wrong resource is used. The resource should match the meter used in Utility:Tariff.
   ** Warning ** The resource referenced by LifeCycleCost:UsePriceEscalation= "U.S. AVG  COMMERCIAL-RESIDUAL OIL" has no energy cost. 
   **   ~~~   ** ... It is likely that the wrong resource is used. The resource should match the meter used in Utility:Tariff.
   ** Warning ** The resource referenced by LifeCycleCost:UsePriceEscalation= "U.S. AVG  COMMERCIAL-NATURAL GAS" has no energy cost. 
   **   ~~~   ** ... It is likely that the wrong resource is used. The resource should match the meter used in Utility:Tariff.
   ** Warning ** The resource referenced by LifeCycleCost:UsePriceEscalation= "U.S. AVG  COMMERCIAL-COAL" has no energy cost. 
   **   ~~~   ** ... It is likely that the wrong resource is used. The resource should match the meter used in Utility:Tariff.
   ************* Simulation Error Summary *************
   ** Warning ** The following Report Variables were requested but not generated -- check.rdd file
   **   ~~~   ** Either the IDF did not contain these elements, the variable name is misspelled,
   **   ~~~   ** or the requested variable is an advanced output which requires Output : Diagnostics, DisplayAdvancedReportVariables;
   ************* Key=*, VarName=ZONE VENTILATION MASS FLOW RATE, Frequency=Hourly
   ************* Key=*, VarName=ZONE ITE FAN ELECTRICITY RATE, Frequency=Hourly
   ************* Key=*, VarName=ZONE AIR GENERIC AIR CONTAMINANT CONCENTRATION, Frequency=Hourly
   ************* There are 7 unused schedules in input.
   ************* There are 7 unused week schedules in input.
   ************* There are 15 unused day schedules in input.
   ************* Use Output:Diagnostics,DisplayUnusedSchedules; to see them.
   *************
   ************* ===== Final Error Summary =====
   ************* The following error categories occurred.  Consider correcting or noting.
   ************* Nominally Unused Constructions
   ************* ..The nominally unused constructions warning is provided to alert you to potential conditions that can cause
   ************* ..extra time during simulation. Each construction is calculated by the algorithm indicated in the HeatBalanceAlgorithm
   ************* ..object. You may remove the constructions indicated (when you use the DisplayExtraWarnings option).
   *************
   ************* EnergyPlus Warmup Error Summary. During Warmup: 0 Warning; 0 Severe Errors.
   ************* EnergyPlus Sizing Error Summary. During Sizing: 35 Warning; 0 Severe Errors.
   ************* EnergyPlus Completed Successfully-- 45 Warning; 0 Severe Errors; Elapsed Time=00hr 00min 24.43sec
